2021-05-10 21:04:36,088 [INFO] Activator:170 - 


2021-05-10 21:04:36,089 [INFO] Activator:171 - !SESSION log4j initialized
2021-05-10 21:09:01,551 [ERROR] LogOutputStream:74 - [STDERR_REDIRECT] java.lang.StringIndexOutOfBoundsException: begin 0, end -1, length 0
2021-05-10 21:09:01,552 [ERROR] LogOutputStream:74 - [STDERR_REDIRECT] 	at java.base/java.lang.String.checkBoundsBeginEnd(Unknown Source)
2021-05-10 21:09:01,553 [ERROR] LogOutputStream:74 - [STDERR_REDIRECT] 	at java.base/java.lang.String.substring(Unknown Source)
2021-05-10 21:09:01,553 [ERROR] LogOutputStream:74 - [STDERR_REDIRECT] 	at com.st.stm32cube.ide.mcu.utils.assembly.InstructionRecord.calcJumpInstructionDirect(InstructionRecord.java:201)
2021-05-10 21:09:01,553 [ERROR] LogOutputStream:74 - [STDERR_REDIRECT] 	at com.st.stm32cube.ide.mcu.utils.assembly.InstructionRecord.isJumpInstructionDirect(InstructionRecord.java:159)
2021-05-10 21:09:01,554 [ERROR] LogOutputStream:74 - [STDERR_REDIRECT] 	at com.st.stm32cube.ide.mcu.stackanalyzer.model.CallGraph.fromInstructions(CallGraph.java:65)
2021-05-10 21:09:01,554 [ERROR] LogOutputStream:74 - [STDERR_REDIRECT] 	at com.st.stm32cube.ide.mcu.stackanalyzer.ui.StackAnalyzerView.inputChanged(StackAnalyzerView.java:908)
2021-05-10 21:09:01,554 [ERROR] LogOutputStream:74 - [STDERR_REDIRECT] 	at com.st.stm32cube.ide.mcu.stackanalyzer.ui.StackAnalyzerView.lambda$15(StackAnalyzerView.java:1232)
2021-05-10 21:09:01,554 [ERROR] LogOutputStream:74 - [STDERR_REDIRECT] 	at java.base/java.lang.Thread.run(Unknown Source)
2021-05-10 21:09:01,555 [ERROR] LogOutputStream:74 - [STDERR_REDIRECT] java.lang.StringIndexOutOfBoundsException: begin 0, end -1, length 0
2021-05-10 21:09:01,555 [ERROR] LogOutputStream:74 - [STDERR_REDIRECT] 	at java.base/java.lang.String.checkBoundsBeginEnd(Unknown Source)
2021-05-10 21:09:01,555 [ERROR] LogOutputStream:74 - [STDERR_REDIRECT] 	at java.base/java.lang.String.substring(Unknown Source)
2021-05-10 21:09:01,560 [ERROR] LogOutputStream:74 - [STDERR_REDIRECT] 	at com.st.stm32cube.ide.mcu.utils.assembly.InstructionRecord.calcJumpInstructionDirect(InstructionRecord.java:201)
2021-05-10 21:09:01,560 [ERROR] LogOutputStream:74 - [STDERR_REDIRECT] 	at com.st.stm32cube.ide.mcu.utils.assembly.InstructionRecord.isJumpInstructionDirect(InstructionRecord.java:159)
2021-05-10 21:09:01,560 [ERROR] LogOutputStream:74 - [STDERR_REDIRECT] 	at com.st.stm32cube.ide.mcu.stackanalyzer.model.CallGraph.fromInstructions(CallGraph.java:65)
2021-05-10 21:09:01,560 [ERROR] LogOutputStream:74 - [STDERR_REDIRECT] 	at com.st.stm32cube.ide.mcu.stackanalyzer.ui.StackAnalyzerView.inputChanged(StackAnalyzerView.java:908)
2021-05-10 21:09:01,560 [ERROR] LogOutputStream:74 - [STDERR_REDIRECT] 	at com.st.stm32cube.ide.mcu.stackanalyzer.ui.StackAnalyzerView.lambda$15(StackAnalyzerView.java:1232)
2021-05-10 21:09:01,560 [ERROR] LogOutputStream:74 - [STDERR_REDIRECT] 	at java.base/java.lang.Thread.run(Unknown Source)
2021-05-10 21:09:01,561 [ERROR] LogOutputStream:74 - [STDERR_REDIRECT] java.lang.StringIndexOutOfBoundsException: begin 0, end -1, length 0
2021-05-10 21:09:01,561 [ERROR] LogOutputStream:74 - [STDERR_REDIRECT] 	at java.base/java.lang.String.checkBoundsBeginEnd(Unknown Source)
2021-05-10 21:09:01,561 [ERROR] LogOutputStream:74 - [STDERR_REDIRECT] 	at java.base/java.lang.String.substring(Unknown Source)
2021-05-10 21:09:01,561 [ERROR] LogOutputStream:74 - [STDERR_REDIRECT] 	at com.st.stm32cube.ide.mcu.utils.assembly.InstructionRecord.calcJumpInstructionDirect(InstructionRecord.java:201)
2021-05-10 21:09:01,561 [ERROR] LogOutputStream:74 - [STDERR_REDIRECT] 	at com.st.stm32cube.ide.mcu.utils.assembly.InstructionRecord.isJumpInstructionDirect(InstructionRecord.java:159)
2021-05-10 21:09:01,562 [ERROR] LogOutputStream:74 - [STDERR_REDIRECT] 	at com.st.stm32cube.ide.mcu.stackanalyzer.model.CallGraph.fromInstructions(CallGraph.java:65)
2021-05-10 21:09:01,562 [ERROR] LogOutputStream:74 - [STDERR_REDIRECT] 	at com.st.stm32cube.ide.mcu.stackanalyzer.ui.StackAnalyzerView.inputChanged(StackAnalyzerView.java:908)
2021-05-10 21:09:01,562 [ERROR] LogOutputStream:74 - [STDERR_REDIRECT] 	at com.st.stm32cube.ide.mcu.stackanalyzer.ui.StackAnalyzerView.lambda$15(StackAnalyzerView.java:1232)
2021-05-10 21:09:01,562 [ERROR] LogOutputStream:74 - [STDERR_REDIRECT] 	at java.base/java.lang.Thread.run(Unknown Source)
2021-05-10 21:09:01,562 [ERROR] LogOutputStream:74 - [STDERR_REDIRECT] java.lang.StringIndexOutOfBoundsException: begin 0, end -1, length 0
2021-05-10 21:09:01,562 [ERROR] LogOutputStream:74 - [STDERR_REDIRECT] 	at java.base/java.lang.String.checkBoundsBeginEnd(Unknown Source)
2021-05-10 21:09:01,562 [ERROR] LogOutputStream:74 - [STDERR_REDIRECT] 	at java.base/java.lang.String.substring(Unknown Source)
2021-05-10 21:09:01,562 [ERROR] LogOutputStream:74 - [STDERR_REDIRECT] 	at com.st.stm32cube.ide.mcu.utils.assembly.InstructionRecord.calcJumpInstructionDirect(InstructionRecord.java:201)
2021-05-10 21:09:01,562 [ERROR] LogOutputStream:74 - [STDERR_REDIRECT] 	at com.st.stm32cube.ide.mcu.utils.assembly.InstructionRecord.isJumpInstructionDirect(InstructionRecord.java:159)
2021-05-10 21:09:01,563 [ERROR] LogOutputStream:74 - [STDERR_REDIRECT] 	at com.st.stm32cube.ide.mcu.stackanalyzer.model.CallGraph.fromInstructions(CallGraph.java:65)
2021-05-10 21:09:01,563 [ERROR] LogOutputStream:74 - [STDERR_REDIRECT] 	at com.st.stm32cube.ide.mcu.stackanalyzer.ui.StackAnalyzerView.inputChanged(StackAnalyzerView.java:908)
2021-05-10 21:09:01,563 [ERROR] LogOutputStream:74 - [STDERR_REDIRECT] 	at com.st.stm32cube.ide.mcu.stackanalyzer.ui.StackAnalyzerView.lambda$15(StackAnalyzerView.java:1232)
2021-05-10 21:09:01,563 [ERROR] LogOutputStream:74 - [STDERR_REDIRECT] 	at java.base/java.lang.Thread.run(Unknown Source)
2021-05-10 21:09:01,563 [ERROR] LogOutputStream:74 - [STDERR_REDIRECT] java.lang.StringIndexOutOfBoundsException: begin 0, end -1, length 0
2021-05-10 21:09:01,563 [ERROR] LogOutputStream:74 - [STDERR_REDIRECT] 	at java.base/java.lang.String.checkBoundsBeginEnd(Unknown Source)
2021-05-10 21:09:01,563 [ERROR] LogOutputStream:74 - [STDERR_REDIRECT] 	at java.base/java.lang.String.substring(Unknown Source)
2021-05-10 21:09:01,564 [ERROR] LogOutputStream:74 - [STDERR_REDIRECT] 	at com.st.stm32cube.ide.mcu.utils.assembly.InstructionRecord.calcJumpInstructionDirect(InstructionRecord.java:201)
2021-05-10 21:09:01,564 [ERROR] LogOutputStream:74 - [STDERR_REDIRECT] 	at com.st.stm32cube.ide.mcu.utils.assembly.InstructionRecord.isJumpInstructionDirect(InstructionRecord.java:159)
2021-05-10 21:09:01,564 [ERROR] LogOutputStream:74 - [STDERR_REDIRECT] 	at com.st.stm32cube.ide.mcu.stackanalyzer.model.CallGraph.fromInstructions(CallGraph.java:65)
2021-05-10 21:09:01,564 [ERROR] LogOutputStream:74 - [STDERR_REDIRECT] 	at com.st.stm32cube.ide.mcu.stackanalyzer.ui.StackAnalyzerView.inputChanged(StackAnalyzerView.java:908)
2021-05-10 21:09:01,564 [ERROR] LogOutputStream:74 - [STDERR_REDIRECT] 	at com.st.stm32cube.ide.mcu.stackanalyzer.ui.StackAnalyzerView.lambda$15(StackAnalyzerView.java:1232)
2021-05-10 21:09:01,564 [ERROR] LogOutputStream:74 - [STDERR_REDIRECT] 	at java.base/java.lang.Thread.run(Unknown Source)
2021-05-10 21:09:01,564 [ERROR] LogOutputStream:74 - [STDERR_REDIRECT] java.lang.StringIndexOutOfBoundsException: begin 0, end -1, length 0
2021-05-10 21:09:01,564 [ERROR] LogOutputStream:74 - [STDERR_REDIRECT] 	at java.base/java.lang.String.checkBoundsBeginEnd(Unknown Source)
2021-05-10 21:09:01,564 [ERROR] LogOutputStream:74 - [STDERR_REDIRECT] 	at java.base/java.lang.String.substring(Unknown Source)
2021-05-10 21:09:01,564 [ERROR] LogOutputStream:74 - [STDERR_REDIRECT] 	at com.st.stm32cube.ide.mcu.utils.assembly.InstructionRecord.calcJumpInstructionDirect(InstructionRecord.java:201)
2021-05-10 21:09:01,564 [ERROR] LogOutputStream:74 - [STDERR_REDIRECT] 	at com.st.stm32cube.ide.mcu.utils.assembly.InstructionRecord.isJumpInstructionDirect(InstructionRecord.java:159)
2021-05-10 21:09:01,565 [ERROR] LogOutputStream:74 - [STDERR_REDIRECT] 	at com.st.stm32cube.ide.mcu.stackanalyzer.model.CallGraph.fromInstructions(CallGraph.java:65)
2021-05-10 21:09:01,565 [ERROR] LogOutputStream:74 - [STDERR_REDIRECT] 	at com.st.stm32cube.ide.mcu.stackanalyzer.ui.StackAnalyzerView.inputChanged(StackAnalyzerView.java:908)
2021-05-10 21:09:01,565 [ERROR] LogOutputStream:74 - [STDERR_REDIRECT] 	at com.st.stm32cube.ide.mcu.stackanalyzer.ui.StackAnalyzerView.lambda$15(StackAnalyzerView.java:1232)
2021-05-10 21:09:01,565 [ERROR] LogOutputStream:74 - [STDERR_REDIRECT] 	at java.base/java.lang.Thread.run(Unknown Source)
2021-05-10 21:09:01,565 [ERROR] LogOutputStream:74 - [STDERR_REDIRECT] java.lang.StringIndexOutOfBoundsException: begin 0, end -1, length 0
2021-05-10 21:09:01,565 [ERROR] LogOutputStream:74 - [STDERR_REDIRECT] 	at java.base/java.lang.String.checkBoundsBeginEnd(Unknown Source)
2021-05-10 21:09:01,565 [ERROR] LogOutputStream:74 - [STDERR_REDIRECT] 	at java.base/java.lang.String.substring(Unknown Source)
2021-05-10 21:09:01,565 [ERROR] LogOutputStream:74 - [STDERR_REDIRECT] 	at com.st.stm32cube.ide.mcu.utils.assembly.InstructionRecord.calcJumpInstructionDirect(InstructionRecord.java:201)
2021-05-10 21:09:01,565 [ERROR] LogOutputStream:74 - [STDERR_REDIRECT] 	at com.st.stm32cube.ide.mcu.utils.assembly.InstructionRecord.isJumpInstructionDirect(InstructionRecord.java:159)
2021-05-10 21:09:01,565 [ERROR] LogOutputStream:74 - [STDERR_REDIRECT] 	at com.st.stm32cube.ide.mcu.stackanalyzer.model.CallGraph.fromInstructions(CallGraph.java:65)
2021-05-10 21:09:01,566 [ERROR] LogOutputStream:74 - [STDERR_REDIRECT] 	at com.st.stm32cube.ide.mcu.stackanalyzer.ui.StackAnalyzerView.inputChanged(StackAnalyzerView.java:908)
2021-05-10 21:09:01,566 [ERROR] LogOutputStream:74 - [STDERR_REDIRECT] 	at com.st.stm32cube.ide.mcu.stackanalyzer.ui.StackAnalyzerView.lambda$15(StackAnalyzerView.java:1232)
2021-05-10 21:09:01,566 [ERROR] LogOutputStream:74 - [STDERR_REDIRECT] 	at java.base/java.lang.Thread.run(Unknown Source)
2021-05-10 21:09:01,566 [ERROR] LogOutputStream:74 - [STDERR_REDIRECT] java.lang.StringIndexOutOfBoundsException: begin 0, end -1, length 0
2021-05-10 21:09:01,566 [ERROR] LogOutputStream:74 - [STDERR_REDIRECT] 	at java.base/java.lang.String.checkBoundsBeginEnd(Unknown Source)
2021-05-10 21:09:01,566 [ERROR] LogOutputStream:74 - [STDERR_REDIRECT] 	at java.base/java.lang.String.substring(Unknown Source)
2021-05-10 21:09:01,566 [ERROR] LogOutputStream:74 - [STDERR_REDIRECT] 	at com.st.stm32cube.ide.mcu.utils.assembly.InstructionRecord.calcJumpInstructionDirect(InstructionRecord.java:201)
2021-05-10 21:09:01,566 [ERROR] LogOutputStream:74 - [STDERR_REDIRECT] 	at com.st.stm32cube.ide.mcu.utils.assembly.InstructionRecord.isJumpInstructionDirect(InstructionRecord.java:159)
2021-05-10 21:09:01,567 [ERROR] LogOutputStream:74 - [STDERR_REDIRECT] 	at com.st.stm32cube.ide.mcu.stackanalyzer.model.CallGraph.fromInstructions(CallGraph.java:65)
2021-05-10 21:09:01,567 [ERROR] LogOutputStream:74 - [STDERR_REDIRECT] 	at com.st.stm32cube.ide.mcu.stackanalyzer.ui.StackAnalyzerView.inputChanged(StackAnalyzerView.java:908)
2021-05-10 21:09:01,567 [ERROR] LogOutputStream:74 - [STDERR_REDIRECT] 	at com.st.stm32cube.ide.mcu.stackanalyzer.ui.StackAnalyzerView.lambda$15(StackAnalyzerView.java:1232)
2021-05-10 21:09:01,567 [ERROR] LogOutputStream:74 - [STDERR_REDIRECT] 	at java.base/java.lang.Thread.run(Unknown Source)
2021-05-10 21:09:01,567 [ERROR] LogOutputStream:74 - [STDERR_REDIRECT] java.lang.StringIndexOutOfBoundsException: begin 0, end -1, length 0
2021-05-10 21:09:01,567 [ERROR] LogOutputStream:74 - [STDERR_REDIRECT] 	at java.base/java.lang.String.checkBoundsBeginEnd(Unknown Source)
2021-05-10 21:09:01,567 [ERROR] LogOutputStream:74 - [STDERR_REDIRECT] 	at java.base/java.lang.String.substring(Unknown Source)
2021-05-10 21:09:01,567 [ERROR] LogOutputStream:74 - [STDERR_REDIRECT] 	at com.st.stm32cube.ide.mcu.utils.assembly.InstructionRecord.calcJumpInstructionDirect(InstructionRecord.java:201)
2021-05-10 21:09:01,568 [ERROR] LogOutputStream:74 - [STDERR_REDIRECT] 	at com.st.stm32cube.ide.mcu.utils.assembly.InstructionRecord.isJumpInstructionDirect(InstructionRecord.java:159)
2021-05-10 21:09:01,568 [ERROR] LogOutputStream:74 - [STDERR_REDIRECT] 	at com.st.stm32cube.ide.mcu.stackanalyzer.model.CallGraph.fromInstructions(CallGraph.java:65)
2021-05-10 21:09:01,568 [ERROR] LogOutputStream:74 - [STDERR_REDIRECT] 	at com.st.stm32cube.ide.mcu.stackanalyzer.ui.StackAnalyzerView.inputChanged(StackAnalyzerView.java:908)
2021-05-10 21:09:01,568 [ERROR] LogOutputStream:74 - [STDERR_REDIRECT] 	at com.st.stm32cube.ide.mcu.stackanalyzer.ui.StackAnalyzerView.lambda$15(StackAnalyzerView.java:1232)
2021-05-10 21:09:01,568 [ERROR] LogOutputStream:74 - [STDERR_REDIRECT] 	at java.base/java.lang.Thread.run(Unknown Source)
2021-05-10 21:09:01,568 [ERROR] LogOutputStream:74 - [STDERR_REDIRECT] java.lang.StringIndexOutOfBoundsException: begin 0, end -1, length 0
2021-05-10 21:09:01,568 [ERROR] LogOutputStream:74 - [STDERR_REDIRECT] 	at java.base/java.lang.String.checkBoundsBeginEnd(Unknown Source)
2021-05-10 21:09:01,569 [ERROR] LogOutputStream:74 - [STDERR_REDIRECT] 	at java.base/java.lang.String.substring(Unknown Source)
2021-05-10 21:09:01,569 [ERROR] LogOutputStream:74 - [STDERR_REDIRECT] 	at com.st.stm32cube.ide.mcu.utils.assembly.InstructionRecord.calcJumpInstructionDirect(InstructionRecord.java:201)
2021-05-10 21:09:01,569 [ERROR] LogOutputStream:74 - [STDERR_REDIRECT] 	at com.st.stm32cube.ide.mcu.utils.assembly.InstructionRecord.isJumpInstructionDirect(InstructionRecord.java:159)
2021-05-10 21:09:01,569 [ERROR] LogOutputStream:74 - [STDERR_REDIRECT] 	at com.st.stm32cube.ide.mcu.stackanalyzer.model.CallGraph.fromInstructions(CallGraph.java:65)
2021-05-10 21:09:01,569 [ERROR] LogOutputStream:74 - [STDERR_REDIRECT] 	at com.st.stm32cube.ide.mcu.stackanalyzer.ui.StackAnalyzerView.inputChanged(StackAnalyzerView.java:908)
2021-05-10 21:09:01,569 [ERROR] LogOutputStream:74 - [STDERR_REDIRECT] 	at com.st.stm32cube.ide.mcu.stackanalyzer.ui.StackAnalyzerView.lambda$15(StackAnalyzerView.java:1232)
2021-05-10 21:09:01,569 [ERROR] LogOutputStream:74 - [STDERR_REDIRECT] 	at java.base/java.lang.Thread.run(Unknown Source)
2021-05-10 21:09:01,569 [ERROR] LogOutputStream:74 - [STDERR_REDIRECT] java.lang.StringIndexOutOfBoundsException: begin 0, end -1, length 0
2021-05-10 21:09:01,569 [ERROR] LogOutputStream:74 - [STDERR_REDIRECT] 	at java.base/java.lang.String.checkBoundsBeginEnd(Unknown Source)
2021-05-10 21:09:01,569 [ERROR] LogOutputStream:74 - [STDERR_REDIRECT] 	at java.base/java.lang.String.substring(Unknown Source)
2021-05-10 21:09:01,570 [ERROR] LogOutputStream:74 - [STDERR_REDIRECT] 	at com.st.stm32cube.ide.mcu.utils.assembly.InstructionRecord.calcJumpInstructionDirect(InstructionRecord.java:201)
2021-05-10 21:09:01,570 [ERROR] LogOutputStream:74 - [STDERR_REDIRECT] 	at com.st.stm32cube.ide.mcu.utils.assembly.InstructionRecord.isJumpInstructionDirect(InstructionRecord.java:159)
2021-05-10 21:09:01,570 [ERROR] LogOutputStream:74 - [STDERR_REDIRECT] 	at com.st.stm32cube.ide.mcu.stackanalyzer.model.CallGraph.fromInstructions(CallGraph.java:65)
2021-05-10 21:09:01,570 [ERROR] LogOutputStream:74 - [STDERR_REDIRECT] 	at com.st.stm32cube.ide.mcu.stackanalyzer.ui.StackAnalyzerView.inputChanged(StackAnalyzerView.java:908)
2021-05-10 21:09:01,570 [ERROR] LogOutputStream:74 - [STDERR_REDIRECT] 	at com.st.stm32cube.ide.mcu.stackanalyzer.ui.StackAnalyzerView.lambda$15(StackAnalyzerView.java:1232)
2021-05-10 21:09:01,570 [ERROR] LogOutputStream:74 - [STDERR_REDIRECT] 	at java.base/java.lang.Thread.run(Unknown Source)
2021-05-10 21:09:01,570 [ERROR] LogOutputStream:74 - [STDERR_REDIRECT] java.lang.StringIndexOutOfBoundsException: begin 0, end -1, length 0
2021-05-10 21:09:01,570 [ERROR] LogOutputStream:74 - [STDERR_REDIRECT] 	at java.base/java.lang.String.checkBoundsBeginEnd(Unknown Source)
2021-05-10 21:09:01,570 [ERROR] LogOutputStream:74 - [STDERR_REDIRECT] 	at java.base/java.lang.String.substring(Unknown Source)
2021-05-10 21:09:01,570 [ERROR] LogOutputStream:74 - [STDERR_REDIRECT] 	at com.st.stm32cube.ide.mcu.utils.assembly.InstructionRecord.calcJumpInstructionDirect(InstructionRecord.java:201)
2021-05-10 21:09:01,571 [ERROR] LogOutputStream:74 - [STDERR_REDIRECT] 	at com.st.stm32cube.ide.mcu.utils.assembly.InstructionRecord.isJumpInstructionDirect(InstructionRecord.java:159)
2021-05-10 21:09:01,571 [ERROR] LogOutputStream:74 - [STDERR_REDIRECT] 	at com.st.stm32cube.ide.mcu.stackanalyzer.model.CallGraph.fromInstructions(CallGraph.java:65)
2021-05-10 21:09:01,571 [ERROR] LogOutputStream:74 - [STDERR_REDIRECT] 	at com.st.stm32cube.ide.mcu.stackanalyzer.ui.StackAnalyzerView.inputChanged(StackAnalyzerView.java:908)
2021-05-10 21:09:01,571 [ERROR] LogOutputStream:74 - [STDERR_REDIRECT] 	at com.st.stm32cube.ide.mcu.stackanalyzer.ui.StackAnalyzerView.lambda$15(StackAnalyzerView.java:1232)
2021-05-10 21:09:01,571 [ERROR] LogOutputStream:74 - [STDERR_REDIRECT] 	at java.base/java.lang.Thread.run(Unknown Source)
